<?xml version="1.0" encoding="UTF-8" ?>
<testsuite failures="0" time="3.348" errors="1" skipped="0" tests="3" name="test.btree.BootstrapperImplTest">
  <properties>
[...]
</properties>
  <testcase time="3.256" classname="test.btree.BootstrapperImplTest" name="testRemoteRegister">
    <error message="Exception creating connection to: 192.168.0.193; nested exception is: 
	java.net.NoRouteToHostException: No route to host" type="java.rmi.ConnectIOException">java.rmi.ConnectIOException: Exception creating connection to: 192.168.0.193; nested exception is: 
	java.net.NoRouteToHostException: No route to host
	at sun.rmi.transport.tcp.TCPEndpoint.newSocket(TCPEndpoint.java:632)
	at sun.rmi.transport.tcp.TCPChannel.createConnection(TCPChannel.java:216)
	at sun.rmi.transport.tcp.TCPChannel.newConnection(TCPChannel.java:202)
	at sun.rmi.server.UnicastRef.invoke(UnicastRef.java:128)
	at fr.inria.peerunit.bootstrapper.RemoteBootstrapperImpl_Stub.register(Unknown Source)
	at fr.inria.peerunit.distributed.DistributedTesterImpl.startThread(DistributedTesterImpl.java:135)
	at test.btree.BootstrapperImplTest.testRemoteRegister(BootstrapperImplTest.java:92)
	at sun.reflect.NativeMethodAccessorImpl.invoke0(Native Method)
	at sun.reflect.NativeMethodAccessorImpl.invoke(NativeMethodAccessorImpl.java:57)
	at sun.reflect.DelegatingMethodAccessorImpl.invoke(DelegatingMethodAccessorImpl.java:43)
	at java.lang.reflect.Method.invoke(Method.java:616)
	at org.junit.runners.model.FrameworkMethod$1.runReflectiveCall(FrameworkMethod.java:44)
	at org.junit.internal.runners.model.ReflectiveCallable.run(ReflectiveCallable.java:15)
	at org.junit.runners.model.FrameworkMethod.invokeExplosively(FrameworkMethod.java:41)
	at org.junit.internal.runners.statements.InvokeMethod.evaluate(InvokeMethod.java:20)
	at org.junit.internal.runners.statements.RunBefores.evaluate(RunBefores.java:28)
	at org.junit.runners.BlockJUnit4ClassRunner.runChild(BlockJUnit4ClassRunner.java:76)
	at org.junit.runners.BlockJUnit4ClassRunner.runChild(BlockJUnit4ClassRunner.java:50)
	at org.junit.runners.ParentRunner$3.run(ParentRunner.java:193)
	at org.junit.runners.ParentRunner$1.schedule(ParentRunner.java:52)
	at org.junit.runners.ParentRunner.runChildren(ParentRunner.java:191)
	at org.junit.runners.ParentRunner.access$000(ParentRunner.java:42)
	at org.junit.runners.ParentRunner$2.evaluate(ParentRunner.java:184)
	at org.junit.runners.ParentRunner.run(ParentRunner.java:236)
	at org.apache.maven.surefire.junit4.JUnit4TestSet.execute(JUnit4TestSet.java:62)
	at org.apache.maven.surefire.suite.AbstractDirectoryTestSuite.executeTestSet(AbstractDirectoryTestSuite.java:140)
	at org.apache.maven.surefire.suite.AbstractDirectoryTestSuite.execute(AbstractDirectoryTestSuite.java:127)
	at org.apache.maven.surefire.Surefire.run(Surefire.java:177)
	at sun.reflect.NativeMethodAccessorImpl.invoke0(Native Method)
	at sun.reflect.NativeMethodAccessorImpl.invoke(NativeMethodAccessorImpl.java:57)
	at sun.reflect.DelegatingMethodAccessorImpl.invoke(DelegatingMethodAccessorImpl.java:43)
	at java.lang.reflect.Method.invoke(Method.java:616)
	at org.apache.maven.surefire.booter.SurefireBooter.runSuitesInProcess(SurefireBooter.java:345)
	at org.apache.maven.surefire.booter.SurefireBooter.main(SurefireBooter.java:1009)
Caused by: java.net.NoRouteToHostException: No route to host
	at java.net.PlainSocketImpl.socketConnect(Native Method)
	at java.net.AbstractPlainSocketImpl.doConnect(AbstractPlainSocketImpl.java:310)
	at java.net.AbstractPlainSocketImpl.connectToAddress(AbstractPlainSocketImpl.java:176)
	at java.net.AbstractPlainSocketImpl.connect(AbstractPlainSocketImpl.java:163)
	at java.net.SocksSocketImpl.connect(SocksSocketImpl.java:384)
	at java.net.Socket.connect(Socket.java:546)
	at java.net.Socket.connect(Socket.java:495)
	at java.net.Socket.&lt;init&gt;(Socket.java:392)
	at java.net.Socket.&lt;init&gt;(Socket.java:206)
	at sun.rmi.transport.proxy.RMIDirectSocketFactory.createSocket(RMIDirectSocketFactory.java:40)
	at sun.rmi.transport.proxy.RMIMasterSocketFactory.createSocket(RMIMasterSocketFactory.java:146)
	at sun.rmi.transport.tcp.TCPEndpoint.newSocket(TCPEndpoint.java:613)
	... 33 more
</error>
  </testcase>
  <testcase time="0.001" classname="test.btree.BootstrapperImplTest" name="testGetRegistered"/>
  <testcase time="0.001" classname="test.btree.BootstrapperImplTest" name="testIsRoot"/>
</testsuite>