<?xml version="1.0" encoding="UTF-8" ?>
<testsuite failures="0" time="0.018" errors="0" skipped="0" tests="3" name="fr.inria.peerunit.bootstrapper.TesterNodeTest">
  <properties>
[...]
</properties>
  <testcase time="0.002" classname="fr.inria.peerunit.bootstrapper.TesterNodeTest" name="testHead"/>
  <testcase time="0" classname="fr.inria.peerunit.bootstrapper.TesterNodeTest" name="testDependents"/>
  <testcase time="0.001" classname="fr.inria.peerunit.bootstrapper.TesterNodeTest" name="non"/>
</testsuite>